0 info it worked if it ends with ok
1 verbose cli [ '/usr/local/bin/node',
1 verbose cli   '/usr/local/bin/npm',
1 verbose cli   'install',
1 verbose cli   '-g',
1 verbose cli   'browserify' ]
2 info using npm@3.10.10
3 info using node@v6.11.2
4 silly loadCurrentTree Starting
5 silly install loadCurrentTree
6 silly install readGlobalPackageData
7 silly fetchPackageMetaData browserify
8 silly fetchNamedPackageData browserify
9 silly mapToRegistry name browserify
10 silly mapToRegistry using default registry
11 silly mapToRegistry registry https://registry.npmjs.org/
12 silly mapToRegistry data Result {
12 silly mapToRegistry   raw: 'browserify',
12 silly mapToRegistry   scope: null,
12 silly mapToRegistry   escapedName: 'browserify',
12 silly mapToRegistry   name: 'browserify',
12 silly mapToRegistry   rawSpec: '',
12 silly mapToRegistry   spec: 'latest',
12 silly mapToRegistry   type: 'tag' }
13 silly mapToRegistry uri https://registry.npmjs.org/browserify
14 verbose request uri https://registry.npmjs.org/browserify
15 verbose request no auth needed
16 info attempt registry request try #1 at 3:32:41 PM
17 verbose request id b37f3ca1dc86a490
18 verbose etag W/"594e746a-da9c2"
19 verbose lastModified Sat, 24 Jun 2017 14:17:14 GMT
20 http request GET https://registry.npmjs.org/browserify
21 info retry will retry, error on last attempt: Error: connect ETIMEDOUT 151.101.72.162:443
22 info attempt registry request try #2 at 3:34:06 PM
23 verbose etag W/"594e746a-da9c2"
24 verbose lastModified Sat, 24 Jun 2017 14:17:14 GMT
25 http request GET https://registry.npmjs.org/browserify
26 info retry will retry, error on last attempt: Error: connect ETIMEDOUT 151.101.72.162:443
27 info attempt registry request try #3 at 3:36:21 PM
28 verbose etag W/"594e746a-da9c2"
29 verbose lastModified Sat, 24 Jun 2017 14:17:14 GMT
30 http request GET https://registry.npmjs.org/browserify
31 silly get cb [ 304, undefined ]
32 verbose etag https://registry.npmjs.org/browserify from cache
33 verbose get saving browserify to /Users/kuboryoya/.npm/registry.npmjs.org/browserify/.cache.json
34 verbose correctMkdir /Users/kuboryoya/.npm correctMkdir not in flight; initializing
35 silly install normalizeTree
36 silly loadCurrentTree Finishing
37 silly loadIdealTree Starting
38 silly install loadIdealTree
39 silly cloneCurrentTree Starting
40 silly install cloneCurrentTreeToIdealTree
41 silly cloneCurrentTree Finishing
42 silly loadShrinkwrap Starting
43 silly install loadShrinkwrap
44 silly loadShrinkwrap Finishing
45 silly loadAllDepsIntoIdealTree Starting
46 silly install loadAllDepsIntoIdealTree
47 silly resolveWithNewModule browserify@14.4.0 checking installable status
48 silly cache add args [ 'browserify', null ]
49 verbose cache add spec browserify
50 silly cache add parsed spec Result {
50 silly cache add   raw: 'browserify',
50 silly cache add   scope: null,
50 silly cache add   escapedName: 'browserify',
50 silly cache add   name: 'browserify',
50 silly cache add   rawSpec: '',
50 silly cache add   spec: 'latest',
50 silly cache add   type: 'tag' }
51 silly addNamed browserify@latest
52 verbose addNamed "latest" is being treated as a dist-tag for browserify
53 info addNameTag [ 'browserify', 'latest' ]
54 silly mapToRegistry name browserify
55 silly mapToRegistry using default registry
56 silly mapToRegistry registry https://registry.npmjs.org/
57 silly mapToRegistry data Result {
57 silly mapToRegistry   raw: 'browserify',
57 silly mapToRegistry   scope: null,
57 silly mapToRegistry   escapedName: 'browserify',
57 silly mapToRegistry   name: 'browserify',
57 silly mapToRegistry   rawSpec: '',
57 silly mapToRegistry   spec: 'latest',
57 silly mapToRegistry   type: 'tag' }
58 silly mapToRegistry uri https://registry.npmjs.org/browserify
59 verbose addNameTag registry:https://registry.npmjs.org/browserify not in flight; fetching
60 verbose get https://registry.npmjs.org/browserify not expired, no request
61 silly addNameTag next cb for browserify with tag latest
62 silly addNamed browserify@14.4.0
63 verbose addNamed "14.4.0" is a plain semver version for browserify
64 silly mapToRegistry name browserify
65 silly mapToRegistry using default registry
66 silly mapToRegistry registry https://registry.npmjs.org/
67 silly mapToRegistry data Result {
67 silly mapToRegistry   raw: 'browserify',
67 silly mapToRegistry   scope: null,
67 silly mapToRegistry   escapedName: 'browserify',
67 silly mapToRegistry   name: 'browserify',
67 silly mapToRegistry   rawSpec: '',
67 silly mapToRegistry   spec: 'latest',
67 silly mapToRegistry   type: 'tag' }
68 silly mapToRegistry uri https://registry.npmjs.org/browserify
69 verbose addRemoteTarball https://registry.npmjs.org/browserify/-/browserify-14.4.0.tgz not in flight; adding
70 verbose addRemoteTarball [ 'https://registry.npmjs.org/browserify/-/browserify-14.4.0.tgz',
70 verbose addRemoteTarball   '089a3463af58d0e48d8cd4070b3f74654d5abca9' ]
71 info retry fetch attempt 1 at 3:37:37 PM
72 info attempt registry request try #1 at 3:37:37 PM
73 http fetch GET https://registry.npmjs.org/browserify/-/browserify-14.4.0.tgz
74 info retry will retry, error on last attempt: Error: connect ETIMEDOUT 151.101.72.162:443
75 info attempt registry request try #2 at 3:39:03 PM
76 http fetch GET https://registry.npmjs.org/browserify/-/browserify-14.4.0.tgz
77 info retry will retry, error on last attempt: Error: connect ETIMEDOUT 151.101.72.162:443
78 info attempt registry request try #3 at 3:41:18 PM
79 http fetch GET https://registry.npmjs.org/browserify/-/browserify-14.4.0.tgz
80 error fetch failed https://registry.npmjs.org/browserify/-/browserify-14.4.0.tgz
81 warn retry will retry, error on last attempt: Error: connect ETIMEDOUT 151.101.72.162:443
82 info retry fetch attempt 2 at 3:42:43 PM
83 info attempt registry request try #1 at 3:42:43 PM
84 http fetch GET https://registry.npmjs.org/browserify/-/browserify-14.4.0.tgz
85 info retry will retry, error on last attempt: Error: connect ETIMEDOUT 151.101.72.162:443
86 info attempt registry request try #2 at 3:44:09 PM
87 http fetch GET https://registry.npmjs.org/browserify/-/browserify-14.4.0.tgz
88 info retry will retry, error on last attempt: Error: connect ETIMEDOUT 151.101.72.162:443
89 info attempt registry request try #3 at 3:46:24 PM
90 http fetch GET https://registry.npmjs.org/browserify/-/browserify-14.4.0.tgz
91 error fetch failed https://registry.npmjs.org/browserify/-/browserify-14.4.0.tgz
92 warn retry will retry, error on last attempt: Error: connect ETIMEDOUT 151.101.72.162:443
93 info retry fetch attempt 3 at 3:48:39 PM
94 info attempt registry request try #1 at 3:48:39 PM
95 http fetch GET https://registry.npmjs.org/browserify/-/browserify-14.4.0.tgz
96 info retry will retry, error on last attempt: Error: connect ETIMEDOUT 151.101.72.162:443
97 info attempt registry request try #2 at 3:50:05 PM
98 http fetch GET https://registry.npmjs.org/browserify/-/browserify-14.4.0.tgz
99 info retry will retry, error on last attempt: Error: connect ETIMEDOUT 151.101.72.162:443
100 info attempt registry request try #3 at 3:52:20 PM
101 http fetch GET https://registry.npmjs.org/browserify/-/browserify-14.4.0.tgz
102 error fetch failed https://registry.npmjs.org/browserify/-/browserify-14.4.0.tgz
103 silly rollbackFailedOptional Starting
104 silly rollbackFailedOptional Finishing
105 silly runTopLevelLifecycles Finishing
106 silly install printInstalled
107 verbose stack Error: connect ETIMEDOUT 151.101.72.162:443
107 verbose stack     at Object.exports._errnoException (util.js:1020:11)
107 verbose stack     at exports._exceptionWithHostPort (util.js:1043:20)
107 verbose stack     at TCPConnectWrap.afterConnect [as oncomplete] (net.js:1086:14)
108 verbose cwd /Users/kuboryoya/PhpstormProjects/colt
109 error Darwin 16.7.0
110 error argv "/usr/local/bin/node" "/usr/local/bin/npm" "install" "-g" "browserify"
111 error node v6.11.2
112 error npm  v3.10.10
113 error code ETIMEDOUT
114 error errno ETIMEDOUT
115 error syscall connect
116 error network connect ETIMEDOUT 151.101.72.162:443
117 error network This is most likely not a problem with npm itself
117 error network and is related to network connectivity.
117 error network In most cases you are behind a proxy or have bad network settings.
117 error network
117 error network If you are behind a proxy, please make sure that the
117 error network 'proxy' config is set properly.  See: 'npm help config'
118 verbose exit [ 1, true ]
